2014-06-08 15:27:43.657 HelloCordova[15576:a0b] Multi-tasking -> Device: YES, App: YES
2014-06-08 15:27:43.706 HelloCordova[15576:a0b] Unlimited access to network resources
2014-06-08 15:27:43.718 HelloCordova[15576:a0b] 

Started backup to iCloud! Please be careful.
Your application might rejected by Apple if you store too much data.
For more information please read "iOS Data Storage Guidelines"
You could find it at the following address https://developer.apple.com/icloud/documentation/data-storage/ .

2014-06-08 15:27:44.483 HelloCordova[15576:a0b] Resetting plugins due to page load.
2014-06-08 15:27:44.895 HelloCordova[15576:a0b] Finished load of: file:///Users/twilson63/Library/Application%20Support/iPhone%20Simulator/7.0.3/Applications/5E37D869-FFE6-4493-8C5B-4F0D54F720F1/HelloCordova.app/www/index.html#/receipts/
2014-06-08 15:31:30.092 ReceiptMgr[15769:a0b] Multi-tasking -> Device: YES, App: YES
2014-06-08 15:31:30.108 ReceiptMgr[15769:a0b] Unlimited access to network resources
2014-06-08 15:31:30.113 ReceiptMgr[15769:a0b] 

Started backup to iCloud! Please be careful.
Your application might rejected by Apple if you store too much data.
For more information please read "iOS Data Storage Guidelines"
You could find it at the following address https://developer.apple.com/icloud/documentation/data-storage/ .

2014-06-08 15:31:30.387 ReceiptMgr[15769:a0b] Resetting plugins due to page load.
2014-06-08 15:31:30.951 ReceiptMgr[15769:a0b] Finished load of: file:///Users/twilson63/Library/Application%20Support/iPhone%20Simulator/7.0.3/Applications/86BEE565-0CF3-4F07-8A17-A3503C791EF6/ReceiptMgr.app/www/index.html#/receipts/
2014-06-08 15:36:43.485 ReceiptMgr[15951:a0b] Multi-tasking -> Device: YES, App: YES
2014-06-08 15:36:43.512 ReceiptMgr[15951:a0b] Unlimited access to network resources
2014-06-08 15:36:43.517 ReceiptMgr[15951:a0b] 

Started backup to iCloud! Please be careful.
Your application might rejected by Apple if you store too much data.
For more information please read "iOS Data Storage Guidelines"
You could find it at the following address https://developer.apple.com/icloud/documentation/data-storage/ .

2014-06-08 15:36:44.000 ReceiptMgr[15951:a0b] Resetting plugins due to page load.
2014-06-08 15:36:44.506 ReceiptMgr[15951:a0b] Finished load of: file:///Users/twilson63/Library/Application%20Support/iPhone%20Simulator/7.0.3/Applications/86BEE565-0CF3-4F07-8A17-A3503C791EF6/ReceiptMgr.app/www/index.html#/receipts/
2014-06-08 15:40:01.946 ReceiptMgr[16123:a0b] Multi-tasking -> Device: YES, App: YES
2014-06-08 15:40:01.962 ReceiptMgr[16123:a0b] Unlimited access to network resources
2014-06-08 15:40:01.985 ReceiptMgr[16123:a0b] 

Started backup to iCloud! Please be careful.
Your application might rejected by Apple if you store too much data.
For more information please read "iOS Data Storage Guidelines"
You could find it at the following address https://developer.apple.com/icloud/documentation/data-storage/ .

2014-06-08 15:40:02.499 ReceiptMgr[16123:a0b] Resetting plugins due to page load.
2014-06-08 15:40:02.836 ReceiptMgr[16123:a0b] Finished load of: file:///Users/twilson63/Library/Application%20Support/iPhone%20Simulator/7.0.3/Applications/86BEE565-0CF3-4F07-8A17-A3503C791EF6/ReceiptMgr.app/www/index.html#/receipts/
2014-06-08 21:59:04.743 ReceiptMgr[23412:a0b] Multi-tasking -> Device: YES, App: YES
2014-06-08 21:59:04.815 ReceiptMgr[23412:a0b] Unlimited access to network resources
2014-06-08 21:59:04.823 ReceiptMgr[23412:a0b] 

Started backup to iCloud! Please be careful.
Your application might rejected by Apple if you store too much data.
For more information please read "iOS Data Storage Guidelines"
You could find it at the following address https://developer.apple.com/icloud/documentation/data-storage/ .

2014-06-08 21:59:05.382 ReceiptMgr[23412:a0b] Resetting plugins due to page load.
2014-06-08 21:59:05.814 ReceiptMgr[23412:a0b] Finished load of: file:///Users/twilson63/Library/Application%20Support/iPhone%20Simulator/7.0.3/Applications/86BEE565-0CF3-4F07-8A17-A3503C791EF6/ReceiptMgr.app/www/index.html#/receipts/
2014-06-08 22:04:03.782 ReceiptMgr[23609:a0b] Multi-tasking -> Device: YES, App: YES
2014-06-08 22:04:03.799 ReceiptMgr[23609:a0b] Unlimited access to network resources
2014-06-08 22:04:03.805 ReceiptMgr[23609:a0b] 

Started backup to iCloud! Please be careful.
Your application might rejected by Apple if you store too much data.
For more information please read "iOS Data Storage Guidelines"
You could find it at the following address https://developer.apple.com/icloud/documentation/data-storage/ .

2014-06-08 22:04:04.250 ReceiptMgr[23609:a0b] Resetting plugins due to page load.
2014-06-08 22:04:04.583 ReceiptMgr[23609:a0b] Finished load of: file:///Users/twilson63/Library/Application%20Support/iPhone%20Simulator/7.0.3/Applications/86BEE565-0CF3-4F07-8A17-A3503C791EF6/ReceiptMgr.app/www/index.html#/receipts/
2014-06-08 22:06:05.815 ReceiptMgr[23783:a0b] Multi-tasking -> Device: YES, App: YES
2014-06-08 22:06:05.838 ReceiptMgr[23783:a0b] Unlimited access to network resources
2014-06-08 22:06:05.863 ReceiptMgr[23783:a0b] 

Started backup to iCloud! Please be careful.
Your application might rejected by Apple if you store too much data.
For more information please read "iOS Data Storage Guidelines"
You could find it at the following address https://developer.apple.com/icloud/documentation/data-storage/ .

2014-06-08 22:06:06.223 ReceiptMgr[23783:a0b] Resetting plugins due to page load.
2014-06-08 22:06:06.650 ReceiptMgr[23783:a0b] Finished load of: file:///Users/twilson63/Library/Application%20Support/iPhone%20Simulator/7.0.3/Applications/86BEE565-0CF3-4F07-8A17-A3503C791EF6/ReceiptMgr.app/www/index.html#/receipts/
2014-06-08 22:16:22.841 ReceiptMgr[24240:a0b] Multi-tasking -> Device: YES, App: YES
2014-06-08 22:16:22.869 ReceiptMgr[24240:a0b] Unlimited access to network resources
2014-06-08 22:16:22.906 ReceiptMgr[24240:a0b] 

Started backup to iCloud! Please be careful.
Your application might rejected by Apple if you store too much data.
For more information please read "iOS Data Storage Guidelines"
You could find it at the following address https://developer.apple.com/icloud/documentation/data-storage/ .

2014-06-08 22:16:23.387 ReceiptMgr[24240:a0b] Resetting plugins due to page load.
2014-06-08 22:16:23.773 ReceiptMgr[24240:a0b] Finished load of: file:///Users/twilson63/Library/Application%20Support/iPhone%20Simulator/7.0.3/Applications/86BEE565-0CF3-4F07-8A17-A3503C791EF6/ReceiptMgr.app/www/index.html#/receipts/
2014-06-09 08:04:22.900 ReceiptMgr[24850:a0b] Multi-tasking -> Device: YES, App: YES
2014-06-09 08:04:22.999 ReceiptMgr[24850:a0b] Unlimited access to network resources
2014-06-09 08:04:23.019 ReceiptMgr[24850:a0b] 

Started backup to iCloud! Please be careful.
Your application might rejected by Apple if you store too much data.
For more information please read "iOS Data Storage Guidelines"
You could find it at the following address https://developer.apple.com/icloud/documentation/data-storage/ .

2014-06-09 08:04:23.534 ReceiptMgr[24850:a0b] Resetting plugins due to page load.
2014-06-09 08:04:23.935 ReceiptMgr[24850:a0b] Finished load of: file:///Users/twilson63/Library/Application%20Support/iPhone%20Simulator/7.0.3/Applications/86BEE565-0CF3-4F07-8A17-A3503C791EF6/ReceiptMgr.app/www/index.html#/receipts/
2014-06-09 08:22:10.836 ReceiptMgr[25333:a0b] Multi-tasking -> Device: YES, App: YES
2014-06-09 08:22:10.913 ReceiptMgr[25333:a0b] Unlimited access to network resources
2014-06-09 08:22:10.920 ReceiptMgr[25333:a0b] 

Started backup to iCloud! Please be careful.
Your application might rejected by Apple if you store too much data.
For more information please read "iOS Data Storage Guidelines"
You could find it at the following address https://developer.apple.com/icloud/documentation/data-storage/ .

2014-06-09 08:22:11.405 ReceiptMgr[25333:a0b] Resetting plugins due to page load.
2014-06-09 08:22:11.739 ReceiptMgr[25333:a0b] Finished load of: file:///Users/twilson63/Library/Application%20Support/iPhone%20Simulator/7.0.3/Applications/86BEE565-0CF3-4F07-8A17-A3503C791EF6/ReceiptMgr.app/www/index.html#/receipts/
